SF:lib/src/domain/customers/models/customer.dart
DA:12,13
DA:22,2
DA:23,2
DA:24,2
DA:25,2
DA:26,2
DA:27,2
DA:28,2
DA:29,2
DA:30,2
DA:34,2
DA:35,2
DA:36,2
DA:37,2
DA:38,2
DA:39,2
DA:40,2
DA:41,2
DA:42,2
DA:46,2
DA:47,2
DA:48,2
DA:49,2
DA:50,2
DA:51,2
DA:52,2
DA:53,2
DA:54,2
DA:58,2
DA:60,2
DA:61,2
DA:62,2
DA:63,2
DA:64,2
DA:65,2
DA:66,2
DA:67,2
LF:37
LH:37
end_of_record
SF:lib/src/data/customers/repositories/customers_repository.dart
DA:18,2
DA:24,1
DA:26,2
DA:28,1
DA:31,1
DA:36,2
DA:37,1
DA:38,3
DA:44,2
DA:46,1
DA:48,2
DA:51,1
DA:52,2
DA:53,2
DA:56,1
DA:59,2
DA:61,2
DA:62,2
DA:65,1
LF:19
LH:19
end_of_record
SF:lib/src/domain/customers/use_cases/customers_sync_use_case.dart
DA:14,2
DA:17,1
DA:19,1
DA:20,1
DA:21,2
DA:24,1
DA:27,2
DA:29,1
DA:30,2
DA:31,1
LF:10
LH:10
end_of_record
SF:lib/src/ui/customers/viewmodels/customers_viewmodel.dart
DA:10,2
DA:20,1
DA:21,1
DA:22,1
DA:24,2
DA:26,1
DA:27,1
DA:28,1
DA:29,1
DA:30,1
DA:32,1
DA:33,1
DA:35,1
DA:36,2
DA:37,1
DA:42,1
DA:43,1
DA:44,1
DA:46,2
DA:48,1
DA:49,1
DA:50,1
DA:51,1
DA:52,1
DA:53,1
DA:55,1
DA:56,1
DA:57,1
DA:58,1
DA:59,1
LF:30
LH:30
end_of_record
SF:lib/src/data/customers/data_sources/customers_local_data_source.dart
DA:15,2
DA:18,1
DA:20,3
DA:23,1
DA:26,3
DA:28,4
DA:31,1
DA:33,2
DA:34,1
DA:35,1
LF:10
LH:10
end_of_record
SF:lib/src/data/services/local_storage.dart
DA:17,2
DA:19,1
DA:21,2
DA:24,1
DA:26,2
DA:29,1
DA:34,2
LF:7
LH:7
end_of_record
SF:lib/src/data/customers/data_sources/customers_remote_data_source.g.dart
DA:12,2
DA:13,2
DA:22,1
DA:24,1
DA:25,1
DA:26,1
DA:28,1
DA:29,1
DA:30,1
DA:31,2
DA:36,6
DA:38,2
DA:41,1
DA:42,3
DA:43,1
DA:45,0
DA:51,1
DA:52,1
DA:53,2
DA:54,2
DA:55,1
DA:56,0
DA:58,1
DA:64,1
DA:65,2
DA:69,1
DA:71,1
DA:72,1
DA:75,0
LF:29
LH:26
end_of_record
SF:lib/src/data/customers/data_sources/customers_remote_data_source.dart
DA:16,0
DA:18,0
DA:19,0
DA:22,0
DA:24,0
DA:25,0
DA:28,0
LF:7
LH:0
end_of_record
SF:lib/src/config/dependencies.dart
DA:15,12
DA:17,1
DA:18,1
DA:19,1
DA:20,1
DA:21,1
DA:22,4
DA:24,1
DA:25,4
DA:27,1
DA:28,4
DA:30,1
DA:31,2
DA:32,2
DA:33,2
DA:36,3
DA:37,1
DA:38,4
DA:40,1
DA:41,2
DA:42,2
DA:43,2
DA:46,3
DA:47,1
DA:48,4
DA:51,2
DA:54,1
DA:55,1
DA:56,1
DA:57,1
DA:59,0
DA:60,0
DA:69,1
DA:70,1
DA:72,3
LF:35
LH:33
end_of_record
SF:lib/src/config/router.dart
DA:12,3
DA:13,3
DA:14,6
DA:15,6
DA:16,6
LF:5
LH:5
end_of_record
SF:lib/src/ui/customers/pages/customer_details_page.dart
DA:11,3
DA:13,1
DA:14,1
DA:20,1
DA:22,1
DA:24,3
DA:27,1
DA:29,1
DA:30,1
DA:41,1
DA:42,2
DA:46,1
DA:48,1
DA:50,1
DA:51,4
DA:52,1
DA:54,4
DA:56,4
DA:57,4
DA:58,4
DA:59,4
DA:71,1
DA:73,1
DA:75,1
DA:77,1
DA:78,1
DA:79,1
DA:88,1
DA:89,1
LF:29
LH:29
end_of_record
SF:lib/src/ui/services/toast_service.dart
DA:9,0
DA:11,0
DA:12,0
LF:3
LH:0
end_of_record
SF:lib/src/ui/splash/viewmodels/splash_viewmodel.dart
DA:7,2
DA:13,1
DA:14,2
DA:16,1
DA:17,1
DA:18,1
DA:20,1
DA:22,1
DA:23,1
DA:24,1
DA:26,1
LF:11
LH:11
end_of_record
SF:lib/src/ui/customers/pages/customers_page.dart
DA:11,7
DA:13,2
DA:14,2
DA:21,2
DA:23,2
DA:25,6
DA:26,6
DA:28,4
DA:31,2
DA:33,2
DA:34,2
DA:35,2
DA:36,2
DA:48,2
DA:50,2
DA:51,2
DA:52,2
DA:53,4
DA:57,6
DA:58,4
DA:59,4
DA:63,4
DA:65,2
DA:79,6
DA:81,1
DA:88,6
DA:90,2
DA:92,2
DA:93,2
DA:95,2
DA:97,2
DA:98,2
DA:117,6
DA:119,1
DA:120,1
DA:126,1
DA:128,1
DA:130,3
DA:133,1
DA:135,1
DA:136,1
DA:138,1
DA:139,1
DA:140,1
DA:141,1
DA:142,1
DA:143,1
DA:145,1
DA:146,3
DA:148,1
DA:149,1
DA:150,3
DA:151,1
DA:152,1
DA:153,2
DA:162,1
DA:163,1
DA:171,1
DA:172,2
LF:59
LH:59
end_of_record
SF:lib/src/ui/splash/pages/splash_page.dart
DA:11,7
DA:13,2
DA:14,2
DA:21,2
DA:23,2
DA:25,6
DA:26,6
DA:28,4
DA:29,0
DA:30,0
DA:36,4
DA:39,2
DA:41,2
DA:42,4
DA:43,2
DA:45,6
DA:46,6
DA:47,8
DA:48,2
DA:49,2
DA:50,4
DA:60,6
DA:62,2
DA:63,2
DA:69,2
DA:71,2
DA:73,6
DA:76,2
DA:78,2
DA:80,2
DA:82,2
DA:83,2
DA:84,2
DA:89,2
DA:90,2
LF:35
LH:33
end_of_record
