SF:lib/src/domain/customers/models/customer.dart
DA:12,12
DA:22,2
DA:23,2
DA:24,2
DA:25,2
DA:26,2
DA:27,2
DA:28,2
DA:29,2
DA:30,2
DA:34,2
DA:35,2
DA:36,2
DA:37,2
DA:38,2
DA:39,2
DA:40,2
DA:41,2
DA:42,2
DA:46,2
DA:47,2
DA:48,2
DA:49,2
DA:50,2
DA:51,2
DA:52,2
DA:53,2
DA:54,2
DA:58,2
DA:60,2
DA:61,2
DA:62,2
DA:63,2
DA:64,2
DA:65,2
DA:66,2
DA:67,2
LF:37
LH:37
end_of_record
SF:lib/src/data/customers/repositories/customers_repository.dart
DA:17,2
DA:23,1
DA:25,2
DA:27,1
DA:30,1
DA:35,2
DA:36,1
DA:37,3
DA:40,2
DA:42,1
DA:43,2
DA:44,2
DA:47,1
DA:50,2
DA:52,2
DA:53,2
DA:56,1
LF:17
LH:17
end_of_record
SF:lib/src/ui/customers/viewmodels/customers_viewmodel.dart
DA:8,2
DA:15,1
DA:16,1
DA:17,1
DA:19,2
DA:21,1
DA:22,1
DA:23,1
DA:24,1
DA:25,1
DA:29,1
DA:30,1
DA:31,1
DA:32,2
DA:33,1
LF:15
LH:15
end_of_record
SF:lib/src/data/customers/data_sources/customers_local_data_source.dart
DA:15,2
DA:18,1
DA:20,3
DA:23,1
DA:26,3
DA:28,4
DA:31,1
DA:33,2
DA:34,1
DA:35,1
LF:10
LH:10
end_of_record
SF:lib/src/data/services/local_storage.dart
DA:17,2
DA:19,1
DA:21,2
DA:24,1
DA:26,2
DA:29,1
DA:34,2
LF:7
LH:7
end_of_record
SF:lib/src/data/customers/data_sources/customers_remote_data_source.g.dart
DA:12,2
DA:13,2
DA:22,1
DA:24,1
DA:25,1
DA:26,1
DA:28,1
DA:29,1
DA:30,1
DA:31,2
DA:36,6
DA:38,2
DA:41,1
DA:42,3
DA:43,1
DA:45,0
DA:51,1
DA:52,1
DA:53,2
DA:54,2
DA:55,1
DA:56,0
DA:58,1
DA:64,1
DA:65,2
DA:69,1
DA:71,1
DA:72,1
DA:75,0
LF:29
LH:26
end_of_record
SF:lib/src/data/customers/data_sources/customers_remote_data_source.dart
DA:16,0
DA:18,0
DA:19,0
DA:22,0
DA:24,0
DA:25,0
DA:28,0
LF:7
LH:0
end_of_record
SF:lib/src/config/dependencies.dart
DA:14,12
DA:16,1
DA:17,1
DA:18,1
DA:19,1
DA:20,1
DA:21,4
DA:23,1
DA:24,4
DA:26,1
DA:27,4
DA:29,1
DA:30,2
DA:31,2
DA:32,2
DA:35,3
DA:36,1
DA:37,4
DA:39,1
DA:40,4
DA:42,3
DA:44,2
DA:47,1
DA:48,1
DA:49,1
DA:50,1
DA:52,0
DA:53,0
DA:62,1
DA:63,1
DA:65,3
LF:31
LH:29
end_of_record
SF:lib/src/config/router.dart
DA:12,3
DA:13,3
DA:14,6
DA:15,6
DA:16,6
LF:5
LH:5
end_of_record
SF:lib/src/ui/customers/pages/customers_page.dart
DA:11,7
DA:13,2
DA:14,2
DA:21,2
DA:23,2
DA:25,6
DA:26,6
DA:28,4
DA:31,2
DA:33,2
DA:34,2
DA:35,2
DA:36,2
DA:48,2
DA:50,2
DA:51,2
DA:52,2
DA:53,4
DA:57,4
DA:58,2
DA:65,4
DA:67,2
DA:81,6
DA:83,1
DA:90,6
DA:92,2
DA:94,2
DA:95,2
DA:97,2
DA:99,2
DA:100,2
DA:119,6
DA:121,1
DA:122,1
DA:128,1
DA:130,1
DA:132,3
DA:135,1
DA:137,1
DA:138,1
DA:140,1
DA:141,1
DA:142,1
DA:143,1
DA:145,1
DA:146,3
DA:148,1
DA:149,4
DA:150,1
DA:151,1
DA:152,2
DA:161,1
DA:162,1
DA:170,1
DA:171,2
LF:55
LH:55
end_of_record
SF:lib/src/ui/services/toast_service.dart
DA:9,0
DA:11,0
DA:12,0
LF:3
LH:0
end_of_record
SF:lib/src/ui/splash/viewmodels/splash_viewmodel.dart
DA:7,2
DA:14,1
DA:15,1
DA:17,1
DA:20,2
DA:22,1
DA:23,1
DA:24,1
DA:25,1
DA:27,1
DA:29,1
DA:30,1
DA:32,1
DA:35,2
DA:37,1
DA:38,1
DA:39,1
DA:40,1
DA:42,1
DA:46,1
DA:47,1
DA:48,1
DA:49,1
DA:51,1
LF:24
LH:24
end_of_record
SF:lib/src/ui/customers/pages/customer_details_page.dart
DA:11,3
DA:13,1
DA:14,1
DA:20,1
DA:22,1
DA:24,3
DA:27,1
DA:29,1
DA:30,1
DA:41,1
DA:42,2
DA:46,1
DA:48,1
DA:50,1
DA:51,4
DA:52,1
DA:54,4
DA:56,4
DA:57,4
DA:58,4
DA:59,4
DA:71,1
DA:73,1
DA:75,1
DA:77,1
DA:78,1
DA:79,1
DA:88,1
DA:89,1
LF:29
LH:29
end_of_record
SF:lib/src/ui/splash/pages/splash_page.dart
DA:11,7
DA:13,2
DA:14,2
DA:21,2
DA:23,2
DA:25,6
DA:26,6
DA:28,4
DA:29,0
DA:30,0
DA:36,4
DA:39,2
DA:41,2
DA:42,4
DA:43,2
DA:45,6
DA:46,6
DA:47,8
DA:48,2
DA:49,2
DA:50,4
DA:60,6
DA:62,2
DA:63,2
DA:69,2
DA:71,2
DA:73,6
DA:76,2
DA:78,2
DA:80,2
DA:82,2
DA:83,2
DA:84,2
DA:89,2
DA:90,2
LF:35
LH:33
end_of_record
